Flow report for Top_EncDec_BitsError
Mon Jun 15 13:41:57 2026
Quartus Prime Version 20.1.0 Build 711 06/05/2020 SJ Lite Edition


---------------------
; Table of Contents ;
---------------------
  1. Legal Notice
  2. Flow Summary
  3. Flow Settings
  4. Flow Non-Default Global Settings
  5. Flow Elapsed Time
  6. Flow OS Summary
  7. Flow Log
  8. Flow Messages
  9. Flow Suppressed Messages



----------------
; Legal Notice ;
----------------
Copyright (C) 2020  Intel Corporation. All rights reserved.
Your use of Intel Corporation's design tools, logic functions 
and other software and tools, and any partner logic 
functions, and any output files from any of the foregoing 
(including device programming or simulation files), and any 
associated documentation or information are expressly subject 
to the terms and conditions of the Intel Program License 
Subscription Agreement, the Intel Quartus Prime License Agreement,
the Intel FPGA IP License Agreement, or other applicable license
agreement, including, without limitation, that your use is for
the sole purpose of programming logic devices manufactured by
Intel and sold by Intel or its authorized distributors.  Please
refer to the applicable agreement for further details, at
https://fpgasoftware.intel.com/eula.



+----------------------------------------------------------------------------------+
; Flow Summary                                                                     ;
+------------------------------------+---------------------------------------------+
; Flow Status                        ; Successful - Mon Jun 15 13:41:57 2026       ;
; Quartus Prime Version              ; 20.1.0 Build 711 06/05/2020 SJ Lite Edition ;
; Revision Name                      ; Top_EncDec_BitsError                        ;
; Top-level Entity Name              ; Top_EncDec_BitsError                        ;
; Family                             ; Cyclone IV E                                ;
; Device                             ; EP4CE6E22C8                                 ;
; Timing Models                      ; Final                                       ;
; Total logic elements               ; 520 / 6,272 ( 8 % )                         ;
;     Total combinational functions  ; 475 / 6,272 ( 8 % )                         ;
;     Dedicated logic registers      ; 251 / 6,272 ( 4 % )                         ;
; Total registers                    ; 251                                         ;
; Total pins                         ; 74 / 92 ( 80 % )                            ;
; Total virtual pins                 ; 0                                           ;
; Total memory bits                  ; 400 / 276,480 ( < 1 % )                     ;
; Embedded Multiplier 9-bit elements ; 0 / 30 ( 0 % )                              ;
; Total PLLs                         ; 0 / 2 ( 0 % )                               ;
+------------------------------------+---------------------------------------------+


+------------------------------------------+
; Flow Settings                            ;
+-------------------+----------------------+
; Option            ; Setting              ;
+-------------------+----------------------+
; Start date & time ; 06/15/2026 13:41:40  ;
; Main task         ; Compilation          ;
; Revision Name     ; Top_EncDec_BitsError ;
+-------------------+----------------------+


+------------------------------------------------------------------------------------------------------------------------------------------------------+
; Flow Non-Default Global Settings                                                                                                                     ;
+--------------------------------------+---------------------------------------------+---------------+-------------+-----------------------------------+
; Assignment Name                      ; Value                                       ; Default Value ; Entity Name ; Section Id                        ;
+--------------------------------------+---------------------------------------------+---------------+-------------+-----------------------------------+
; COMPILER_SIGNATURE_ID                ; 37432592025998.178155250025632              ; --            ; --          ; --                                ;
; EDA_DESIGN_INSTANCE_NAME             ; NA                                          ; --            ; --          ; Top_EncDec_BitsError_vlg_tst      ;
; EDA_GENERATE_FUNCTIONAL_NETLIST      ; Off                                         ; --            ; --          ; eda_board_design_timing           ;
; EDA_GENERATE_FUNCTIONAL_NETLIST      ; Off                                         ; --            ; --          ; eda_board_design_boundary_scan    ;
; EDA_GENERATE_FUNCTIONAL_NETLIST      ; Off                                         ; --            ; --          ; eda_board_design_signal_integrity ;
; EDA_GENERATE_FUNCTIONAL_NETLIST      ; Off                                         ; --            ; --          ; eda_board_design_symbol           ;
; EDA_NATIVELINK_SIMULATION_TEST_BENCH ; Top_EncDec_BitsError_vlg_tst                ; --            ; --          ; eda_simulation                    ;
; EDA_OUTPUT_DATA_FORMAT               ; Verilog Hdl                                 ; --            ; --          ; eda_simulation                    ;
; EDA_SIMULATION_TOOL                  ; ModelSim-Altera (Verilog)                   ; <None>        ; --          ; --                                ;
; EDA_TEST_BENCH_ENABLE_STATUS         ; TEST_BENCH_MODE                             ; --            ; --          ; eda_simulation                    ;
; EDA_TEST_BENCH_FILE                  ; simulation/modelsim/Top_EncDec_BitsError.vt ; --            ; --          ; Top_EncDec_BitsError_vlg_tst      ;
; EDA_TEST_BENCH_MODULE_NAME           ; Top_EncDec_BitsError_vlg_tst                ; --            ; --          ; Top_EncDec_BitsError_vlg_tst      ;
; EDA_TEST_BENCH_NAME                  ; Top_EncDec_BitsError_vlg_tst                ; --            ; --          ; eda_simulation                    ;
; EDA_TIME_SCALE                       ; 1 ps                                        ; --            ; --          ; eda_simulation                    ;
; MAX_CORE_JUNCTION_TEMP               ; 85                                          ; --            ; --          ; --                                ;
; MIN_CORE_JUNCTION_TEMP               ; 0                                           ; --            ; --          ; --                                ;
; NOMINAL_CORE_SUPPLY_VOLTAGE          ; 1.2V                                        ; --            ; --          ; --                                ;
; PARTITION_COLOR                      ; -- (Not supported for targeted family)      ; --            ; --          ; Top                               ;
; PARTITION_FITTER_PRESERVATION_LEVEL  ; -- (Not supported for targeted family)      ; --            ; --          ; Top                               ;
; PARTITION_NETLIST_TYPE               ; -- (Not supported for targeted family)      ; --            ; --          ; Top                               ;
; POWER_BOARD_THERMAL_MODEL            ; None (CONSERVATIVE)                         ; --            ; --          ; --                                ;
; POWER_PRESET_COOLING_SOLUTION        ; 23 MM HEAT SINK WITH 200 LFPM AIRFLOW       ; --            ; --          ; --                                ;
; PROJECT_OUTPUT_DIRECTORY             ; output_files                                ; --            ; --          ; --                                ;
+--------------------------------------+---------------------------------------------+---------------+-------------+-----------------------------------+


+--------------------------------------------------------------------------------------------------------------------------+
; Flow Elapsed Time                                                                                                        ;
+----------------------+--------------+-------------------------+---------------------+------------------------------------+
; Module Name          ; Elapsed Time ; Average Processors Used ; Peak Virtual Memory ; Total CPU Time (on all processors) ;
+----------------------+--------------+-------------------------+---------------------+------------------------------------+
; Analysis & Synthesis ; 00:00:07     ; 1.0                     ; 4860 MB             ; 00:00:14                           ;
; Fitter               ; 00:00:05     ; 1.2                     ; 6499 MB             ; 00:00:07                           ;
; Assembler            ; 00:00:00     ; 1.0                     ; 4694 MB             ; 00:00:01                           ;
; Timing Analyzer      ; 00:00:01     ; 1.2                     ; 4920 MB             ; 00:00:01                           ;
; EDA Netlist Writer   ; 00:00:01     ; 1.0                     ; 4653 MB             ; 00:00:00                           ;
; Total                ; 00:00:14     ; --                      ; --                  ; 00:00:23                           ;
+----------------------+--------------+-------------------------+---------------------+------------------------------------+


+------------------------------------------------------------------------------------+
; Flow OS Summary                                                                    ;
+----------------------+------------------+------------+------------+----------------+
; Module Name          ; Machine Hostname ; OS Name    ; OS Version ; Processor type ;
+----------------------+------------------+------------+------------+----------------+
; Analysis & Synthesis ; HP-Victus15      ; Windows 10 ; 10.0       ; x86_64         ;
; Fitter               ; HP-Victus15      ; Windows 10 ; 10.0       ; x86_64         ;
; Assembler            ; HP-Victus15      ; Windows 10 ; 10.0       ; x86_64         ;
; Timing Analyzer      ; HP-Victus15      ; Windows 10 ; 10.0       ; x86_64         ;
; EDA Netlist Writer   ; HP-Victus15      ; Windows 10 ; 10.0       ; x86_64         ;
+----------------------+------------------+------------+------------+----------------+


------------
; Flow Log ;
------------
quartus_map --read_settings_files=on --write_settings_files=off Top_EncDec_BitsError -c Top_EncDec_BitsError
quartus_fit --read_settings_files=off --write_settings_files=off Top_EncDec_BitsError -c Top_EncDec_BitsError
quartus_asm --read_settings_files=off --write_settings_files=off Top_EncDec_BitsError -c Top_EncDec_BitsError
quartus_sta Top_EncDec_BitsError -c Top_EncDec_BitsError
quartus_eda --read_settings_files=off --write_settings_files=off Top_EncDec_BitsError -c Top_EncDec_BitsError



